<?xml version="1.0" encoding="UTF-8"?>
<!-- Generated by org.testng.reporters.JUnitReportReporter -->
<testsuite skipped="0" hostname="DESKTOP-MI0U1QO" name="testScripts.ActDemo" tests="1" failures="0" timestamp="13 Nov 2018 02:43:38 GMT" time="7.326" errors="0">
  <testcase name="actionDemo" time="7.326" classname="testScripts.ActDemo"/>
</testsuite> <!-- testScripts.ActDemo -->
