<?xml version="1.0" encoding="UTF-8"?>
<!-- Generated by org.testng.reporters.JUnitReportReporter -->
<testsuite skipped="0" hostname="DESKTOP-MI0U1QO" name="testScripts.multyWindowDemo2" tests="1" failures="0" timestamp="29 Sep 2018 02:04:34 GMT" time="10.032" errors="0">
  <testcase name="multiple" time="10.032" classname="testScripts.multyWindowDemo2"/>
</testsuite> <!-- testScripts.multyWindowDemo2 -->
