<?xml version="1.0" encoding="UTF-8"?>
<!-- Generated by org.testng.reporters.JUnitReportReporter -->
<testsuite skipped="0" hostname="DESKTOP-MI0U1QO" name="testScripts.ScrollInToView" tests="1" failures="0" timestamp="21 Sep 2018 23:33:21 GMT" time="13.817" errors="0">
  <testcase name="scrollDemo" time="13.817" classname="testScripts.ScrollInToView"/>
</testsuite> <!-- testScripts.ScrollInToView -->
