<?xml version="1.0" encoding="UTF-8"?>
<!-- Generated by org.testng.reporters.JUnitReportReporter -->
<testsuite skipped="0" hostname="DESKTOP-MI0U1QO" name="testScripts.ScrollInToView2" tests="1" failures="0" timestamp="21 Sep 2018 23:50:51 GMT" time="8.884" errors="0">
  <testcase name="scrollDemo" time="8.884" classname="testScripts.ScrollInToView2"/>
</testsuite> <!-- testScripts.ScrollInToView2 -->
