<?xml version="1.0" encoding="UTF-8"?>
<!-- Generated by org.testng.reporters.JUnitReportReporter -->
<testsuite skipped="0" hostname="DESKTOP-MI0U1QO" name="testScripts.ScrollDemo" tests="1" failures="0" timestamp="15 Sep 2018 16:39:13 GMT" time="16.616" errors="0">
  <testcase name="scrollTest" time="16.616" classname="testScripts.ScrollDemo"/>
</testsuite> <!-- testScripts.ScrollDemo -->
