<?xml version="1.0" encoding="UTF-8"?>
<!-- Generated by org.testng.reporters.JUnitReportReporter -->
<testsuite skipped="0" hostname="DESKTOP-MI0U1QO" name="testScripts.DropdownwithOR" tests="1" failures="0" timestamp="29 Sep 2018 15:40:10 GMT" time="6.481" errors="0">
  <testcase name="dropdownORTest" time="6.481" classname="testScripts.DropdownwithOR"/>
</testsuite> <!-- testScripts.DropdownwithOR -->
