<?xml version="1.0" encoding="UTF-8"?>
<!-- Generated by org.testng.reporters.JUnitReportReporter -->
<testsuite skipped="0" hostname="DESKTOP-MI0U1QO" name="testScripts.MultipleElements" tests="1" failures="0" timestamp="22 Jan 2019 00:19:39 GMT" time="20.347" errors="0">
  <testcase name="findElementsDemo" time="20.347" classname="testScripts.MultipleElements"/>
</testsuite> <!-- testScripts.MultipleElements -->
