<?xml version="1.0" encoding="UTF-8"?>
<!-- Generated by org.testng.reporters.JUnitReportReporter -->
<testsuite skipped="0" hostname="DESKTOP-MI0U1QO" name="testScripts.Test1" tests="1" failures="0" timestamp="16 Sep 2018 04:54:10 GMT" time="10.086" errors="0">
  <testcase name="gotoURL" time="10.086" classname="testScripts.Test1"/>
</testsuite> <!-- testScripts.Test1 -->
