<?xml version="1.0" encoding="UTF-8"?>
<!-- Generated by org.testng.reporters.JUnitReportReporter -->
<testsuite skipped="0" hostname="DESKTOP-MI0U1QO" name="testScripts.dropdownTest" tests="1" failures="0" timestamp="11 Sep 2018 02:45:26 GMT" time="9.965" errors="0">
  <testcase name="selectDropdown" time="9.965" classname="testScripts.dropdownTest"/>
</testsuite> <!-- testScripts.dropdownTest -->
