<?xml version="1.0" encoding="UTF-8"?>
<!-- Generated by org.testng.reporters.JUnitReportReporter -->
<testsuite skipped="0" hostname="DESKTOP-MI0U1QO" name="testScripts.screenShotDemo" tests="1" failures="0" timestamp="20 Sep 2018 00:45:12 GMT" time="11.623" errors="0">
  <testcase name="actionDemo" time="11.623" classname="testScripts.screenShotDemo"/>
</testsuite> <!-- testScripts.screenShotDemo -->
