<?xml version="1.0" encoding="UTF-8"?>
<!-- Generated by org.testng.reporters.JUnitReportReporter -->
<testsuite skipped="0" hostname="DESKTOP-MI0U1QO" name="testScripts.actDemo3" tests="1" failures="0" timestamp="14 Sep 2018 00:41:58 GMT" time="10.207" errors="0">
  <testcase name="actionDemo" time="10.207" classname="testScripts.actDemo3"/>
</testsuite> <!-- testScripts.actDemo3 -->
